2022-09-24 10:18:24,698 INFO  [Class] application opened 
2022-09-24 10:18:28,350 INFO  [Class] login completed 
2022-09-24 10:18:28,585 INFO  [Class] entered frame 
2022-09-24 10:18:37,103 INFO  [Class] application opened 
2022-09-24 10:18:40,801 INFO  [Class] login completed 
2022-09-24 10:18:41,030 INFO  [Class] logout completed 
2022-09-24 10:18:44,160 INFO  [Class] application closed 
2022-09-24 10:20:16,162 INFO  [Class] application opened 
2022-09-24 10:20:18,989 INFO  [Class] login completed 
2022-09-24 10:20:19,182 INFO  [Class] logout completed 
2022-09-24 10:20:19,769 INFO  [Class] application closed 
2022-09-24 10:21:50,402 INFO  [Class] application opened 
2022-09-24 10:21:54,617 INFO  [Class] login completed 
2022-09-24 10:21:54,737 INFO  [Class] entered frame 
2022-09-24 10:23:18,872 INFO  [Class] application opened 
2022-09-24 10:23:58,814 INFO  [Class] login completed 
2022-09-24 10:25:08,636 INFO  [Class] application opened 
2022-09-24 10:25:58,797 INFO  [Class] application opened 
2022-09-24 10:26:02,055 INFO  [Class] login completed 
2022-09-24 10:26:02,259 INFO  [Class] entered frame 
2022-09-24 10:29:12,015 INFO  [Class] application opened 
2022-09-24 10:29:22,146 INFO  [Class] login completed 
2022-09-24 10:29:22,263 INFO  [Class] entered frame 
2022-09-24 10:32:27,162 INFO  [Class] application opened 
2022-09-24 10:32:30,319 INFO  [Class] login completed 
2022-09-24 10:32:30,433 INFO  [Class] entered frame 
2022-09-24 10:32:38,346 INFO  [Class] added button 
2022-09-24 10:32:38,362 INFO  [Class] exit frame 
2022-09-24 10:32:38,581 INFO  [Class] logout completed 
2022-09-24 10:32:39,383 INFO  [Class] application closed 
2022-09-24 10:33:09,872 INFO  [Class] application opened 
2022-09-24 10:33:13,649 INFO  [Class] login completed 
2022-09-24 10:33:13,761 INFO  [Class] entered frame 
2022-09-24 10:33:26,689 INFO  [Class] added button 
2022-09-24 10:33:26,716 INFO  [Class] exit frame 
2022-09-24 10:33:26,935 INFO  [Class] logout completed 
2022-09-24 10:33:27,634 INFO  [Class] application closed 
2022-09-24 10:33:34,607 INFO  [Class] application opened 
2022-09-24 10:33:38,054 INFO  [Class] login completed 
2022-09-24 10:33:38,271 INFO  [Class] logout completed 
2022-09-24 10:33:38,648 INFO  [Class] application closed 
2022-09-24 10:49:06,737 INFO  [Class] application opened 
2022-09-24 10:49:15,911 INFO  [Class] login completed 
2022-09-24 10:49:16,024 INFO  [Class] entered frame 
2022-09-24 10:49:28,159 INFO  [Class] added button 
2022-09-24 10:49:28,182 INFO  [Class] exit frame 
2022-09-24 10:49:28,409 INFO  [Class] logout completed 
2022-09-24 10:49:29,061 INFO  [Class] application closed 
2022-09-24 10:49:39,420 INFO  [Class] application opened 
2022-09-24 10:49:51,433 INFO  [Class] login completed 
2022-09-24 10:49:51,614 INFO  [Class] logout completed 
2022-09-24 10:49:52,254 INFO  [Class] application closed 
2022-09-24 10:52:41,265 INFO  [Class] application opened 
2022-09-24 10:52:44,954 INFO  [Class] login completed 
2022-09-24 10:52:45,083 INFO  [Class] entered frame 
2022-09-24 10:52:52,836 INFO  [Class] added button 
2022-09-24 10:52:52,866 INFO  [Class] exit frame 
2022-09-24 10:52:53,073 INFO  [Class] logout completed 
2022-09-24 10:52:53,835 INFO  [Class] application closed 
2022-09-24 10:53:01,784 INFO  [Class] application opened 
2022-09-24 10:53:05,093 INFO  [Class] login completed 
2022-09-24 10:53:05,537 INFO  [Class] logout completed 
2022-09-24 10:53:06,312 INFO  [Class] application closed 
2022-09-24 11:11:16,179 INFO  [Class] application opened 
2022-09-24 11:11:20,005 INFO  [Class] login completed 
2022-09-24 11:11:20,130 INFO  [Class] entered frame 
2022-09-24 11:11:34,415 INFO  [Class] added button 
2022-09-24 11:11:34,447 INFO  [Class] exit frame 
2022-09-24 11:11:34,666 INFO  [Class] logout completed 
2022-09-24 11:11:35,323 INFO  [Class] application closed 
2022-09-24 11:11:41,495 INFO  [Class] application opened 
2022-09-24 11:11:46,107 INFO  [Class] login completed 
2022-09-24 11:11:46,272 INFO  [Class] logout completed 
2022-09-24 11:11:46,819 INFO  [Class] application closed 
2022-09-24 11:15:16,247 INFO  [Class] application opened 
2022-09-24 11:15:19,030 INFO  [Class] login completed 
2022-09-24 11:15:19,220 INFO  [Class] entered frame 
2022-09-24 11:15:29,036 INFO  [Class] added button 
2022-09-24 11:15:29,053 INFO  [Class] exit frame 
2022-09-24 11:15:29,234 INFO  [Class] logout completed 
2022-09-24 11:15:31,999 INFO  [Class] application closed 
2022-09-24 11:15:37,921 INFO  [Class] application opened 
2022-09-24 11:15:44,547 INFO  [Class] login completed 
2022-09-24 11:15:44,745 INFO  [Class] logout completed 
2022-09-24 11:15:45,253 INFO  [Class] application closed 
2022-09-24 11:28:59,116 INFO  [Class] application opened 
2022-09-24 11:29:02,140 INFO  [Class] login completed 
2022-09-24 11:29:02,323 INFO  [Class] entered frame 
2022-09-24 11:29:10,497 INFO  [Class] added button 
2022-09-24 11:29:10,523 INFO  [Class] exit frame 
2022-09-24 11:29:10,712 INFO  [Class] logout completed 
2022-09-24 11:29:11,350 INFO  [Class] application closed 
2022-09-24 11:29:18,031 INFO  [Class] application opened 
2022-09-24 11:29:21,368 INFO  [Class] login completed 
2022-09-24 11:29:21,548 INFO  [Class] logout completed 
2022-09-24 11:29:21,961 INFO  [Class] application closed 
2022-09-24 11:32:00,919 INFO  [Class] application opened 
2022-09-24 11:32:05,021 INFO  [Class] login completed 
2022-09-24 11:32:05,131 INFO  [Class] entered frame 
2022-09-24 11:32:16,468 INFO  [Class] added button 
2022-09-24 11:32:16,486 INFO  [Class] exit frame 
2022-09-24 11:32:16,680 INFO  [Class] logout completed 
2022-09-24 11:32:17,152 INFO  [Class] application closed 
2022-09-24 11:32:23,077 INFO  [Class] application opened 
2022-09-24 11:32:29,506 INFO  [Class] login completed 
2022-09-24 11:32:29,679 INFO  [Class] logout completed 
2022-09-24 11:32:30,135 INFO  [Class] application closed 
2022-09-24 11:39:33,947 INFO  [Class] application opened 
2022-09-24 11:39:39,805 INFO  [Class] login completed 
2022-09-24 11:39:39,926 INFO  [Class] entered frame 
2022-09-24 11:40:23,530 INFO  [Class] application opened 
2022-09-24 11:40:37,487 INFO  [Class] login completed 
2022-09-24 11:40:37,613 INFO  [Class] entered frame 
2022-09-24 11:40:47,172 INFO  [Class] added button 
2022-09-24 11:40:47,191 INFO  [Class] exit frame 
2022-09-24 11:40:47,364 INFO  [Class] logout completed 
2022-09-24 11:40:48,098 INFO  [Class] application closed 
2022-09-24 11:40:54,771 INFO  [Class] application opened 
2022-09-24 11:40:58,052 INFO  [Class] login completed 
2022-09-24 11:40:58,213 INFO  [Class] logout completed 
2022-09-24 11:40:58,680 INFO  [Class] application closed 
